<?xml version="1.0" encoding="UTF-8" ?>
<testsuite tests="3" failures="0" name="co.edu.unicauca.openmarket.presentation.commands.OMInvokerTest" time="0" errors="0" skipped="0">
  <properties>
[...]
</properties>
  <testcase classname="co.edu.unicauca.openmarket.presentation.commands.OMInvokerTest" name="co.edu.unicauca.openmarket.presentation.commands.OMInvokerTest.testRedoCommand" time="0"/>
  <testcase classname="co.edu.unicauca.openmarket.presentation.commands.OMInvokerTest" name="co.edu.unicauca.openmarket.presentation.commands.OMInvokerTest.testExecuteCommand" time="0"/>
  <testcase classname="co.edu.unicauca.openmarket.presentation.commands.OMInvokerTest" name="co.edu.unicauca.openmarket.presentation.commands.OMInvokerTest.testUndoCommand" time="0"/>
</testsuite>